# Process Log — Group 1: LegCo Data Access

**Project:** Group 1 — LegCo Data Access (healthcare policy analysis using LegCo data and media)

---

## 12 February 2026

### Session: SCMP Research and Outline Update

**Task:** Follow updatedPlan.md — research SCMP coverage of LegCo, identify journalist data needs, create reporting documents.

**What was done (AI-assisted):**

1. **Reviewed all existing project files** — Read outlineDraft.md, dataReport.md, WebSearchReport.md, dataExplore.md, public-info.md, Followup5Feb.md, planNextSteps.md, seekFeedback.md to understand current project state.

2. **Searched SCMP for LegCo articles** — Multiple rounds of web search:
   - `site:scmp.com legislative council Hong Kong 2024 2025` — Found extensive election coverage, accountability reforms
   - `site:scmp.com Hong Kong legco data transparency open data 2024 2025` — Found articles on data access, ombudsman archives, attendance rules
   - `site:scmp.com legco healthcare policy rare disease drug subsidy 2024 2025` — Found fast-track drug approval, prescription fee review, community drug programme
   - `site:scmp.com legco budget debate accountability 2024 2025` — Found budget criticism, finance committee scrutiny data
   - `site:scmp.com legco panel healthcare health services committee 2024 2025` — Found medical fee reform, eHealth+, hospital cluster reorganisation

3. **Visited SCMP LegCo topics page** — Fetched https://www.scmp.com/topics/legislative-council-hong-kong — mainly 2025 election coverage (Dec 2025), new lawmakers, Legco presidency race

4. **Identified SCMP reporters covering LegCo:**
   - **Jeffie Lam** — News Editor, HK Politics; joined SCMP 2013; political reporter since 2009; Twitter @jeffielam
   - **Matthew Cheng** — Reporter, HK Politics; joined SCMP 2025 from Ming Pao Daily
   - **Willa Wu** — Correspondent, City News; joined SCMP 2023 from China Daily HK
   - **Emily Hung** — Reporter, City Desk (Health); joined SCMP 2022 from ViuTV News; Twitter @tyhunghk

5. **Researched LegCo Open Data APIs** — Found that LegCo has expanded its API offerings since the initial dataReport.md was written:
   - Hansard Database API (JSON/XML) — from 6th LegCo
   - Bills Database API (JSON)
   - Questions at Council Meetings API
   - Webcast API (OData)
   - Members Reference Database on data.gov.hk
   - Contact: enquiry@legco.gov.hk

6. **Identified key journalist data needs** — Based on SCMP coverage patterns:
   - Voting + attendance data (individual, by bill, by motion)
   - Bill progression timelines and amendment histories
   - Cross-referenced member profiles (voting + interests + speeches)
   - Healthcare-specific panel data (structured, not scattered PDFs)
   - Historical/comparative data for trend analysis

7. **Created JournalistNeeds.md** — Comprehensive report with:
   - Key topics covered by SCMP on LegCo (elections, accountability, budget, healthcare, data access)
   - Data types journalists need and current gaps
   - Assessment table: can LegCo sources meet journalist needs?
   - SCMP reporter profiles with contact info and recent articles
   - LegCo API endpoint reference table
   - Suggestions for contacting reporters

8. **Created outlineDraft01.md** — Updated report outline incorporating:
   - New title: "Connecting the Dots: How Fragmented LegCo Data Fails Journalists and Citizens"
   - Evidence section linking SCMP coverage to data gaps
   - Healthcare-specific coverage gap analysis
   - Updated assessment of all three data sources (LegCo DBs, Open LegCo, DATA.GOV.HK)
   - Hypothesis: improved interconnection would enhance journalism and civic engagement
   - Specific improvement proposals
   - Draft questions for government enquiries
   - Story angle suggestions for media coverage
   - Comprehensive references

9. **Created process.log** — This file.

---

### Files created this session:
- `JournalistNeeds.md` — SCMP research + reporter list + journalist data needs
- `outlineDraft01.md` — Updated report outline v01
- `process.log` — This log file

### Files reviewed this session:
- `updatedPlan.md` — Session plan (input)
- `outlineDraft.md` — Previous outline
- `dataReport.md` — Technical report on LegCo data
- `WebSearchReport.md` — Previous web search results
- `dataExplore.md` — Data exploration notes
- `public-info.md` — Project overview and sources
- `Followup5Feb.md` — Previous follow-up actions
- `planNextSteps.md` — Workflow plan
- `seekFeedback.md` — Team feedback requests

---

### What needs to happen next (human input needed):
1. **Review JournalistNeeds.md and outlineDraft01.md** — Check for accuracy and alignment with team goals
2. **Choose focus** — Confirm the healthcare + data access angle, or adjust
3. **Decide on reporter outreach** — Who to contact and how (Twitter DM, email via SCMP newsroom, etc.)
4. **Formulate hypotheses** — Pick the main hypothesis from the options in outlineDraft01.md
5. **Draft government questions** — Review and refine the questions in outlineDraft01.md before sending
6. **Update Google Doc** — Sync findings with the team's shared document

---

## Earlier work (pre-12 Feb)

### 29 January 2026
- Created `dataReport.md` — Detailed report on LegCo data infrastructure (3 sources, API analysis, gap identification)
- Created `dataReport.html` — HTML version

### Undated (early sessions)
- Created `public-info.md` — Project overview, media coverage (SMA/rare diseases), government sources
- Created `dataExplore.md` — Initial data exploration task
- Created `WebSearchReport.md` — 5 rounds of AI web search on LegCo data and healthcare
- Created `Followup5Feb.md` — Phase 1-3 action items
- Created `planNextSteps.md` — Workflow plan (7 steps from curation to process log)
- Created `seekFeedback.md` — Request for team feedback

---

*Log maintained by AI agent. Human should review and confirm entries.*
