[2026-02-11 12:29:57] Starting crawl
[2026-02-11 12:29:57] Base URL: https://www.hketobrussels.gov.hk/
[2026-02-11 12:29:57] Output directory: C:\Users\HKBU Classroom\Documents\demo\genAI2026\courses\gcap3226\CourseInfo\projects\EuropeanStudies_team1\ETOwebresults
[2026-02-11 12:29:57] robots.txt loaded
[2026-02-11 12:29:57] Fetching: https://www.hketobrussels.gov.hk/
[2026-02-11 12:29:58] Saved: C:\Users\HKBU Classroom\Documents\demo\genAI2026\courses\gcap3226\CourseInfo\projects\EuropeanStudies_team1\ETOwebresults\index.html
[2026-02-11 12:29:59] Fetching: https://www.hketobrussels.gov.hk/welcome
[2026-02-11 12:29:59] Saved: C:\Users\HKBU Classroom\Documents\demo\genAI2026\courses\gcap3226\CourseInfo\projects\EuropeanStudies_team1\ETOwebresults\welcome.html
[2026-02-11 12:30:00] Fetching: https://www.hketobrussels.gov.hk/hketo-brussels
[2026-02-11 12:30:01] Saved: C:\Users\HKBU Classroom\Documents\demo\genAI2026\courses\gcap3226\CourseInfo\projects\EuropeanStudies_team1\ETOwebresults\hketo-brussels.html
[2026-02-11 12:30:02] Fetching: https://www.hketobrussels.gov.hk/hong-kong
[2026-02-11 12:30:03] Saved: C:\Users\HKBU Classroom\Documents\demo\genAI2026\courses\gcap3226\CourseInfo\projects\EuropeanStudies_team1\ETOwebresults\hong-kong.html
[2026-02-11 12:30:04] Fetching: https://www.hketobrussels.gov.hk/attracting-businesses-and-talents
[2026-02-11 12:30:05] Saved: C:\Users\HKBU Classroom\Documents\demo\genAI2026\courses\gcap3226\CourseInfo\projects\EuropeanStudies_team1\ETOwebresults\attracting-businesses-and-talents.html
[2026-02-11 12:30:06] Fetching: https://www.hketobrussels.gov.hk/work-study-and-travel
[2026-02-11 12:30:06] Saved: C:\Users\HKBU Classroom\Documents\demo\genAI2026\courses\gcap3226\CourseInfo\projects\EuropeanStudies_team1\ETOwebresults\work-study-and-travel.html
[2026-02-11 12:30:07] Fetching: https://www.hketobrussels.gov.hk/news
[2026-02-11 12:30:08] Saved: C:\Users\HKBU Classroom\Documents\demo\genAI2026\courses\gcap3226\CourseInfo\projects\EuropeanStudies_team1\ETOwebresults\news.html
[2026-02-11 12:30:09] Fetching: https://www.hketobrussels.gov.hk/events
[2026-02-11 12:30:09] Saved: C:\Users\HKBU Classroom\Documents\demo\genAI2026\courses\gcap3226\CourseInfo\projects\EuropeanStudies_team1\ETOwebresults\events.html
[2026-02-11 12:30:10] Fetching: https://www.hketobrussels.gov.hk/media-center
[2026-02-11 12:30:11] Saved: C:\Users\HKBU Classroom\Documents\demo\genAI2026\courses\gcap3226\CourseInfo\projects\EuropeanStudies_team1\ETOwebresults\media-center.html
[2026-02-11 12:30:12] Fetching: https://www.hketobrussels.gov.hk/hketo-brussels/our-organisation/head
[2026-02-11 12:30:13] Saved: C:\Users\HKBU Classroom\Documents\demo\genAI2026\courses\gcap3226\CourseInfo\projects\EuropeanStudies_team1\ETOwebresults\hketo-brussels_our-organisation_head.html
[2026-02-11 12:30:14] Fetching: https://www.hketobrussels.gov.hk/hketo-brussels/our-organisation/division-1
[2026-02-11 12:30:14] Saved: C:\Users\HKBU Classroom\Documents\demo\genAI2026\courses\gcap3226\CourseInfo\projects\EuropeanStudies_team1\ETOwebresults\hketo-brussels_our-organisation_division-1.html
[2026-02-11 12:30:15] Fetching: https://www.hketobrussels.gov.hk/hketo-brussels/our-organisation/division-2
[2026-02-11 12:30:16] Saved: C:\Users\HKBU Classroom\Documents\demo\genAI2026\courses\gcap3226\CourseInfo\projects\EuropeanStudies_team1\ETOwebresults\hketo-brussels_our-organisation_division-2.html
[2026-02-11 12:30:17] Fetching: https://www.hketobrussels.gov.hk/hketo-brussels/our-organisation/invest-hk-unit
[2026-02-11 12:30:17] Saved: C:\Users\HKBU Classroom\Documents\demo\genAI2026\courses\gcap3226\CourseInfo\projects\EuropeanStudies_team1\ETOwebresults\hketo-brussels_our-organisation_invest-hk-unit.html
[2026-02-11 12:30:18] Fetching: https://www.hketobrussels.gov.hk/hketo-brussels/our-organisation/businesses-talents-attraction-team
[2026-02-11 12:30:18] Saved: C:\Users\HKBU Classroom\Documents\demo\genAI2026\courses\gcap3226\CourseInfo\projects\EuropeanStudies_team1\ETOwebresults\hketo-brussels_our-organisation_businesses-talents-attraction-team.html
[2026-02-11 12:30:19] Fetching: https://www.hketobrussels.gov.hk/hketo-brussels/our-organisation/admin
[2026-02-11 12:30:20] Saved: C:\Users\HKBU Classroom\Documents\demo\genAI2026\courses\gcap3226\CourseInfo\projects\EuropeanStudies_team1\ETOwebresults\hketo-brussels_our-organisation_admin.html
[2026-02-11 12:30:21] Fetching: https://www.hketobrussels.gov.hk/hong-kong/information-about-hong-kong/special-administrative-region
[2026-02-11 12:30:21] Saved: C:\Users\HKBU Classroom\Documents\demo\genAI2026\courses\gcap3226\CourseInfo\projects\EuropeanStudies_team1\ETOwebresults\hong-kong_information-about-hong-kong_special-administrative-region.html
[2026-02-11 12:30:22] Fetching: https://www.hketobrussels.gov.hk/hong-kong/information-about-hong-kong/the-economy
[2026-02-11 12:30:23] Saved: C:\Users\HKBU Classroom\Documents\demo\genAI2026\courses\gcap3226\CourseInfo\projects\EuropeanStudies_team1\ETOwebresults\hong-kong_information-about-hong-kong_the-economy.html
[2026-02-11 12:30:24] Fetching: https://www.hketobrussels.gov.hk/hong-kong/information-about-hong-kong/international-financial-centre
[2026-02-11 12:30:24] Saved: C:\Users\HKBU Classroom\Documents\demo\genAI2026\courses\gcap3226\CourseInfo\projects\EuropeanStudies_team1\ETOwebresults\hong-kong_information-about-hong-kong_international-financial-centre.html
[2026-02-11 12:30:25] Fetching: https://www.hketobrussels.gov.hk/hong-kong/information-about-hong-kong/innovation-and-technology
[2026-02-11 12:30:26] Saved: C:\Users\HKBU Classroom\Documents\demo\genAI2026\courses\gcap3226\CourseInfo\projects\EuropeanStudies_team1\ETOwebresults\hong-kong_information-about-hong-kong_innovation-and-technology.html
[2026-02-11 12:30:27] Fetching: https://www.hketobrussels.gov.hk/hong-kong/information-about-hong-kong/premier-gateway-to-mainland-china
[2026-02-11 12:30:27] Saved: C:\Users\HKBU Classroom\Documents\demo\genAI2026\courses\gcap3226\CourseInfo\projects\EuropeanStudies_team1\ETOwebresults\hong-kong_information-about-hong-kong_premier-gateway-to-mainland-china.html
[2026-02-11 12:30:28] Fetching: https://www.hketobrussels.gov.hk/hong-kong/information-about-hong-kong/more-information-about-hong-kong
[2026-02-11 12:30:29] Saved: C:\Users\HKBU Classroom\Documents\demo\genAI2026\courses\gcap3226\CourseInfo\projects\EuropeanStudies_team1\ETOwebresults\hong-kong_information-about-hong-kong_more-information-about-hong-kong.html
[2026-02-11 12:30:30] Fetching: https://www.hketobrussels.gov.hk/work-study-and-travel/working-studying
[2026-02-11 12:30:30] Saved: C:\Users\HKBU Classroom\Documents\demo\genAI2026\courses\gcap3226\CourseInfo\projects\EuropeanStudies_team1\ETOwebresults\work-study-and-travel_working-studying.html
[2026-02-11 12:30:31] Fetching: https://www.hketobrussels.gov.hk/work-study-and-travel/visiting-hong-kong
[2026-02-11 12:30:31] Saved: C:\Users\HKBU Classroom\Documents\demo\genAI2026\courses\gcap3226\CourseInfo\projects\EuropeanStudies_team1\ETOwebresults\work-study-and-travel_visiting-hong-kong.html
[2026-02-11 12:30:32] Fetching: https://www.hketobrussels.gov.hk/work-study-and-travel/arts-culture
[2026-02-11 12:30:33] Saved: C:\Users\HKBU Classroom\Documents\demo\genAI2026\courses\gcap3226\CourseInfo\projects\EuropeanStudies_team1\ETOwebresults\work-study-and-travel_arts-culture.html
[2026-02-11 12:30:34] Fetching: https://www.hketobrussels.gov.hk/work-study-and-travel/green-hong-kong
[2026-02-11 12:30:34] Saved: C:\Users\HKBU Classroom\Documents\demo\genAI2026\courses\gcap3226\CourseInfo\projects\EuropeanStudies_team1\ETOwebresults\work-study-and-travel_green-hong-kong.html
[2026-02-11 12:30:35] Fetching: https://www.hketobrussels.gov.hk/hketo-brussels/contact-us
[2026-02-11 12:30:36] Saved: C:\Users\HKBU Classroom\Documents\demo\genAI2026\courses\gcap3226\CourseInfo\projects\EuropeanStudies_team1\ETOwebresults\hketo-brussels_contact-us.html
[2026-02-11 12:30:37] Fetching: https://www.hketobrussels.gov.hk/index.php
[2026-02-11 12:30:38] Saved: C:\Users\HKBU Classroom\Documents\demo\genAI2026\courses\gcap3226\CourseInfo\projects\EuropeanStudies_team1\ETOwebresults\index_php.html
[2026-02-11 12:30:39] Fetching: https://www.hketobrussels.gov.hk/doc/menu_16/faq.pdf
[2026-02-11 12:30:39] Saved: C:\Users\HKBU Classroom\Documents\demo\genAI2026\courses\gcap3226\CourseInfo\projects\EuropeanStudies_team1\ETOwebresults\doc_menu_16_faq_pdf.html
[2026-02-11 12:30:40] Fetching: https://www.hketobrussels.gov.hk/disclaimer
[2026-02-11 12:30:40] Saved: C:\Users\HKBU Classroom\Documents\demo\genAI2026\courses\gcap3226\CourseInfo\projects\EuropeanStudies_team1\ETOwebresults\disclaimer.html
[2026-02-11 12:30:41] Fetching: https://www.hketobrussels.gov.hk/privacy-policy
[2026-02-11 12:30:42] Saved: C:\Users\HKBU Classroom\Documents\demo\genAI2026\courses\gcap3226\CourseInfo\projects\EuropeanStudies_team1\ETOwebresults\privacy-policy.html
[2026-02-11 12:30:43] Summary written
[2026-02-11 12:30:43] Crawl complete
